<?xml version="1.0" encoding="UTF-8"?>
<testng-results skipped="1" failed="0" total="1" passed="0">
  <reporter-output>
  </reporter-output>
  <suite name="example suite 1" duration-ms="148" started-at="2015-12-20T14:16:09Z" finished-at="2015-12-20T14:16:09Z">
    <groups>
    </groups>
    <test name="Regression suite 1" duration-ms="148" started-at="2015-12-20T14:16:09Z" finished-at="2015-12-20T14:16:09Z">
      <class name="com.quickr.Base">
        <test-method status="FAIL" signature="init()[pri:0, instance:com.quickr.Base@5526edd1]" name="init" is-config="true" duration-ms="0" started-at="2015-12-20T19:45:05Z" finished-at="2015-12-20T19:45:05Z">
          <exception class="org.openqa.selenium.WebDriverException">
            <message>
              <![CDATA[unknown error: Chrome failed to start: exited abnormally
  (Driver info: chromedriver=2.20.353124 (035346203162d32c80f1dce587c8154a1efa0c3b),platform=Linux 3.13.0-24-generic x86_64) (WARNING: The server did not provide any stacktrace information)
Command duration or timeout: 61.33 seconds
Build info: version: '2.48.2', revision: '41bccdd', time: '2015-10-09 19:55:52'
System info: host: 'rajender-VPCEH15EN', ip: '127.0.1.1', os.name: 'Linux', os.arch: 'amd64', os.version: '3.13.0-24-generic', java.version: '1.7.0_79'
Driver info: org.openqa.selenium.chrome.ChromeDriver]]>
            </message>
            <full-stacktrace>
              <![CDATA[org.openqa.selenium.WebDriverException: unknown error: Chrome failed to start: exited abnormally
  (Driver info: chromedriver=2.20.353124 (035346203162d32c80f1dce587c8154a1efa0c3b),platform=Linux 3.13.0-24-generic x86_64) (WARNING: The server did not provide any stacktrace information)
Command duration or timeout: 61.33 seconds
Build info: version: '2.48.2', revision: '41bccdd', time: '2015-10-09 19:55:52'
System info: host: 'rajender-VPCEH15EN', ip: '127.0.1.1', os.name: 'Linux', os.arch: 'amd64', os.version: '3.13.0-24-generic', java.version: '1.7.0_79'
Driver info: org.openqa.selenium.chrome.ChromeDriver
	at sun.reflect.NativeConstructorAccessorImpl.newInstance0(Native Method)
	at sun.reflect.NativeConstructorAccessorImpl.newInstance(NativeConstructorAccessorImpl.java:57)
	at sun.reflect.DelegatingConstructorAccessorImpl.newInstance(DelegatingConstructorAccessorImpl.java:45)
	at java.lang.reflect.Constructor.newInstance(Constructor.java:526)
	at org.openqa.selenium.remote.ErrorHandler.createThrowable(ErrorHandler.java:206)
	at org.openqa.selenium.remote.ErrorHandler.throwIfResponseFailed(ErrorHandler.java:158)
	at org.openqa.selenium.remote.RemoteWebDriver.execute(RemoteWebDriver.java:647)
	at org.openqa.selenium.remote.RemoteWebDriver.startSession(RemoteWebDriver.java:247)
	at org.openqa.selenium.remote.RemoteWebDriver.<init>(RemoteWebDriver.java:129)
	at org.openqa.selenium.remote.RemoteWebDriver.<init>(RemoteWebDriver.java:142)
	at org.openqa.selenium.chrome.ChromeDriver.<init>(ChromeDriver.java:170)
	at org.openqa.selenium.chrome.ChromeDriver.<init>(ChromeDriver.java:159)
	at org.openqa.selenium.chrome.ChromeDriver.<init>(ChromeDriver.java:116)
	at com.quickr.Base.init(Unknown Source)
	at sun.reflect.NativeMethodAccessorImpl.invoke0(Native Method)
	at sun.reflect.NativeMethodAccessorImpl.invoke(NativeMethodAccessorImpl.java:57)
	at sun.reflect.DelegatingMethodAccessorImpl.invoke(DelegatingMethodAccessorImpl.java:43)
	at java.lang.reflect.Method.invoke(Method.java:606)
	at org.testng.internal.MethodInvocationHelper.invokeMethod(MethodInvocationHelper.java:85)
	at org.testng.internal.Invoker.invokeConfigurationMethod(Invoker.java:510)
	at org.testng.internal.Invoker.invokeConfigurations(Invoker.java:211)
	at org.testng.internal.Invoker.invokeConfigurations(Invoker.java:138)
	at org.testng.SuiteRunner.privateRun(SuiteRunner.java:296)
	at org.testng.SuiteRunner.run(SuiteRunner.java:259)
	at org.testng.SuiteRunnerWorker.runSuite(SuiteRunnerWorker.java:52)
	at org.testng.SuiteRunnerWorker.run(SuiteRunnerWorker.java:86)
	at org.testng.TestNG.runSuitesSequentially(TestNG.java:1185)
	at org.testng.TestNG.runSuitesLocally(TestNG.java:1110)
	at org.testng.TestNG.run(TestNG.java:1018)
	at org.testng.TestNG.privateMain(TestNG.java:1325)
	at org.testng.TestNG.main(TestNG.java:1294)
]]>
            </full-stacktrace>
          </exception> <!-- org.openqa.selenium.WebDriverException -->
          <reporter-output>
          </reporter-output>
        </test-method> <!-- init -->
        <test-method status="SKIP" signature="exit()[pri:0, instance:com.quickr.Base@5526edd1]" name="exit" is-config="true" duration-ms="0" started-at="2015-12-20T19:46:09Z" finished-at="2015-12-20T19:46:09Z">
          <reporter-output>
          </reporter-output>
        </test-method> <!-- exit -->
      </class> <!-- com.quickr.Base -->
      <class name="com.quickr.AddPost">
        <test-method status="SKIP" signature="add_new_post()[pri:0, instance:com.quickr.AddPost@588e2e94]" name="add_new_post" duration-ms="0" started-at="2015-12-20T19:46:09Z" finished-at="2015-12-20T19:46:09Z">
          <reporter-output>
          </reporter-output>
        </test-method> <!-- add_new_post -->
      </class> <!-- com.quickr.AddPost -->
    </test> <!-- Regression suite 1 -->
  </suite> <!-- example suite 1 -->
</testng-results>
